I, [2017-06-03T11:21:01.954475 #14246]  INFO -- Kitchen: -----> Starting Kitchen (v1.13.2)
I, [2017-06-03T11:21:02.469258 #14246]  INFO -- Kitchen: -----> Creating <managed-server-centos-72>...
I, [2017-06-03T11:21:50.495268 #14246]  INFO -- Kitchen: -----> Converging <managed-server-centos-72>...
E, [2017-06-03T11:26:41.538273 #14246] ERROR -- Kitchen: ------Exception-------
E, [2017-06-03T11:26:41.538347 #14246] ERROR -- Kitchen: Class: Kitchen::ActionFailed
E, [2017-06-03T11:26:41.538408 #14246] ERROR -- Kitchen: Message: 1 actions failed.
>>>>>>     Converge failed on instance <managed-server-centos-72>.  Please see .kitchen/logs/managed-server-centos-72.log for more details
E, [2017-06-03T11:26:41.538435 #14246] ERROR -- Kitchen: ----------------------
E, [2017-06-03T11:26:41.538475 #14246] ERROR -- Kitchen: ------Backtrace-------
E, [2017-06-03T11:26:41.538486 #14246] ERROR -- Kitchen: /opt/chefdk/embedded/lib/ruby/gems/2.3.0/gems/test-kitchen-1.13.2/lib/kitchen/command.rb:187:in `report_errors'
E, [2017-06-03T11:26:41.538498 #14246] ERROR -- Kitchen: /opt/chefdk/embedded/lib/ruby/gems/2.3.0/gems/test-kitchen-1.13.2/lib/kitchen/command.rb:178:in `run_action'
E, [2017-06-03T11:26:41.538509 #14246] ERROR -- Kitchen: /opt/chefdk/embedded/lib/ruby/gems/2.3.0/gems/test-kitchen-1.13.2/lib/kitchen/command/action.rb:39:in `block in call'
E, [2017-06-03T11:26:41.538519 #14246] ERROR -- Kitchen: /opt/chefdk/embedded/lib/ruby/2.3.0/benchmark.rb:293:in `measure'
E, [2017-06-03T11:26:41.538530 #14246] ERROR -- Kitchen: /opt/chefdk/embedded/lib/ruby/gems/2.3.0/gems/test-kitchen-1.13.2/lib/kitchen/command/action.rb:37:in `call'
E, [2017-06-03T11:26:41.538540 #14246] ERROR -- Kitchen: /opt/chefdk/embedded/lib/ruby/gems/2.3.0/gems/test-kitchen-1.13.2/lib/kitchen/cli.rb:56:in `perform'
E, [2017-06-03T11:26:41.538550 #14246] ERROR -- Kitchen: /opt/chefdk/embedded/lib/ruby/gems/2.3.0/gems/test-kitchen-1.13.2/lib/kitchen/cli.rb:186:in `block (2 levels) in <class:CLI>'
E, [2017-06-03T11:26:41.538561 #14246] ERROR -- Kitchen: /opt/chefdk/embedded/lib/ruby/gems/2.3.0/gems/thor-0.19.1/lib/thor/command.rb:27:in `run'
E, [2017-06-03T11:26:41.538572 #14246] ERROR -- Kitchen: /opt/chefdk/embedded/lib/ruby/gems/2.3.0/gems/thor-0.19.1/lib/thor/invocation.rb:126:in `invoke_command'
E, [2017-06-03T11:26:41.538582 #14246] ERROR -- Kitchen: /opt/chefdk/embedded/lib/ruby/gems/2.3.0/gems/test-kitchen-1.13.2/lib/kitchen/cli.rb:334:in `invoke_task'
E, [2017-06-03T11:26:41.538592 #14246] ERROR -- Kitchen: /opt/chefdk/embedded/lib/ruby/gems/2.3.0/gems/thor-0.19.1/lib/thor.rb:359:in `dispatch'
E, [2017-06-03T11:26:41.538603 #14246] ERROR -- Kitchen: /opt/chefdk/embedded/lib/ruby/gems/2.3.0/gems/thor-0.19.1/lib/thor/base.rb:440:in `start'
E, [2017-06-03T11:26:41.538614 #14246] ERROR -- Kitchen: /opt/chefdk/embedded/lib/ruby/gems/2.3.0/gems/test-kitchen-1.13.2/bin/kitchen:13:in `block in <top (required)>'
E, [2017-06-03T11:26:41.538624 #14246] ERROR -- Kitchen: /opt/chefdk/embedded/lib/ruby/gems/2.3.0/gems/test-kitchen-1.13.2/lib/kitchen/errors.rb:174:in `with_friendly_errors'
E, [2017-06-03T11:26:41.538635 #14246] ERROR -- Kitchen: /opt/chefdk/embedded/lib/ruby/gems/2.3.0/gems/test-kitchen-1.13.2/bin/kitchen:13:in `<top (required)>'
E, [2017-06-03T11:26:41.538645 #14246] ERROR -- Kitchen: /usr/local/bin/kitchen:21:in `load'
E, [2017-06-03T11:26:41.538655 #14246] ERROR -- Kitchen: /usr/local/bin/kitchen:21:in `<main>'
E, [2017-06-03T11:26:41.538666 #14246] ERROR -- Kitchen: ----End Backtrace-----
E, [2017-06-03T11:26:41.538676 #14246] ERROR -- Kitchen: -Composite Exception--
E, [2017-06-03T11:26:41.538686 #14246] ERROR -- Kitchen: Class: Kitchen::InstanceFailure
E, [2017-06-03T11:26:41.538696 #14246] ERROR -- Kitchen: Message: Converge failed on instance <managed-server-centos-72>.  Please see .kitchen/logs/managed-server-centos-72.log for more details
E, [2017-06-03T11:26:41.538706 #14246] ERROR -- Kitchen: ----------------------
E, [2017-06-03T11:26:41.538716 #14246] ERROR -- Kitchen: ------Backtrace-------
E, [2017-06-03T11:26:41.538726 #14246] ERROR -- Kitchen: /opt/chefdk/embedded/lib/ruby/gems/2.3.0/gems/test-kitchen-1.13.2/lib/kitchen/provisioner/base.rb:86:in `rescue in call'
E, [2017-06-03T11:26:41.538748 #14246] ERROR -- Kitchen: /opt/chefdk/embedded/lib/ruby/gems/2.3.0/gems/test-kitchen-1.13.2/lib/kitchen/provisioner/base.rb:89:in `call'
E, [2017-06-03T11:26:41.538760 #14246] ERROR -- Kitchen: /opt/chefdk/embedded/lib/ruby/gems/2.3.0/gems/test-kitchen-1.13.2/lib/kitchen/instance.rb:380:in `block in converge_action'
E, [2017-06-03T11:26:41.538770 #14246] ERROR -- Kitchen: /opt/chefdk/embedded/lib/ruby/gems/2.3.0/gems/test-kitchen-1.13.2/lib/kitchen/instance.rb:520:in `synchronize_or_call'
E, [2017-06-03T11:26:41.538780 #14246] ERROR -- Kitchen: /opt/chefdk/embedded/lib/ruby/gems/2.3.0/gems/test-kitchen-1.13.2/lib/kitchen/instance.rb:485:in `block in action'
E, [2017-06-03T11:26:41.538816 #14246] ERROR -- Kitchen: /opt/chefdk/embedded/lib/ruby/2.3.0/benchmark.rb:293:in `measure'
E, [2017-06-03T11:26:41.538827 #14246] ERROR -- Kitchen: /opt/chefdk/embedded/lib/ruby/gems/2.3.0/gems/test-kitchen-1.13.2/lib/kitchen/instance.rb:484:in `action'
E, [2017-06-03T11:26:41.538837 #14246] ERROR -- Kitchen: /opt/chefdk/embedded/lib/ruby/gems/2.3.0/gems/test-kitchen-1.13.2/lib/kitchen/instance.rb:376:in `converge_action'
E, [2017-06-03T11:26:41.538848 #14246] ERROR -- Kitchen: /opt/chefdk/embedded/lib/ruby/gems/2.3.0/gems/test-kitchen-1.13.2/lib/kitchen/instance.rb:355:in `block in transition_to'
E, [2017-06-03T11:26:41.538858 #14246] ERROR -- Kitchen: /opt/chefdk/embedded/lib/ruby/gems/2.3.0/gems/test-kitchen-1.13.2/lib/kitchen/instance.rb:354:in `each'
E, [2017-06-03T11:26:41.538868 #14246] ERROR -- Kitchen: /opt/chefdk/embedded/lib/ruby/gems/2.3.0/gems/test-kitchen-1.13.2/lib/kitchen/instance.rb:354:in `transition_to'
E, [2017-06-03T11:26:41.538879 #14246] ERROR -- Kitchen: /opt/chefdk/embedded/lib/ruby/gems/2.3.0/gems/test-kitchen-1.13.2/lib/kitchen/instance.rb:138:in `converge'
E, [2017-06-03T11:26:41.538889 #14246] ERROR -- Kitchen: /opt/chefdk/embedded/lib/ruby/gems/2.3.0/gems/test-kitchen-1.13.2/lib/kitchen/command.rb:201:in `public_send'
E, [2017-06-03T11:26:41.538899 #14246] ERROR -- Kitchen: /opt/chefdk/embedded/lib/ruby/gems/2.3.0/gems/test-kitchen-1.13.2/lib/kitchen/command.rb:201:in `run_action_in_thread'
E, [2017-06-03T11:26:41.538909 #14246] ERROR -- Kitchen: /opt/chefdk/embedded/lib/ruby/gems/2.3.0/gems/test-kitchen-1.13.2/lib/kitchen/command.rb:173:in `block (2 levels) in run_action'
E, [2017-06-03T11:26:41.538919 #14246] ERROR -- Kitchen: ----End Backtrace-----
E, [2017-06-03T11:26:41.538929 #14246] ERROR -- Kitchen: ---Nested Exception---
E, [2017-06-03T11:26:41.538940 #14246] ERROR -- Kitchen: Class: Kitchen::ActionFailed
E, [2017-06-03T11:26:41.538949 #14246] ERROR -- Kitchen: Message: SSH exited (1) for command: [sh -c '
TEST_KITCHEN="1"; export TEST_KITCHEN
sudo -E /opt/chef/bin/chef-solo --config /tmp/kitchen/solo.rb --log_level auto --no-color --json-attributes /tmp/kitchen/dna.json  --force-formatter
']
E, [2017-06-03T11:26:41.538960 #14246] ERROR -- Kitchen: ----------------------
E, [2017-06-03T11:26:41.538969 #14246] ERROR -- Kitchen: ------Backtrace-------
E, [2017-06-03T11:26:41.538979 #14246] ERROR -- Kitchen: /opt/chefdk/embedded/lib/ruby/gems/2.3.0/gems/test-kitchen-1.13.2/lib/kitchen/provisioner/base.rb:86:in `rescue in call'
E, [2017-06-03T11:26:41.538989 #14246] ERROR -- Kitchen: /opt/chefdk/embedded/lib/ruby/gems/2.3.0/gems/test-kitchen-1.13.2/lib/kitchen/provisioner/base.rb:89:in `call'
E, [2017-06-03T11:26:41.538999 #14246] ERROR -- Kitchen: /opt/chefdk/embedded/lib/ruby/gems/2.3.0/gems/test-kitchen-1.13.2/lib/kitchen/instance.rb:380:in `block in converge_action'
E, [2017-06-03T11:26:41.539009 #14246] ERROR -- Kitchen: /opt/chefdk/embedded/lib/ruby/gems/2.3.0/gems/test-kitchen-1.13.2/lib/kitchen/instance.rb:520:in `synchronize_or_call'
E, [2017-06-03T11:26:41.539019 #14246] ERROR -- Kitchen: /opt/chefdk/embedded/lib/ruby/gems/2.3.0/gems/test-kitchen-1.13.2/lib/kitchen/instance.rb:485:in `block in action'
E, [2017-06-03T11:26:41.539029 #14246] ERROR -- Kitchen: /opt/chefdk/embedded/lib/ruby/2.3.0/benchmark.rb:293:in `measure'
E, [2017-06-03T11:26:41.539044 #14246] ERROR -- Kitchen: /opt/chefdk/embedded/lib/ruby/gems/2.3.0/gems/test-kitchen-1.13.2/lib/kitchen/instance.rb:484:in `action'
E, [2017-06-03T11:26:41.539055 #14246] ERROR -- Kitchen: /opt/chefdk/embedded/lib/ruby/gems/2.3.0/gems/test-kitchen-1.13.2/lib/kitchen/instance.rb:376:in `converge_action'
E, [2017-06-03T11:26:41.539065 #14246] ERROR -- Kitchen: /opt/chefdk/embedded/lib/ruby/gems/2.3.0/gems/test-kitchen-1.13.2/lib/kitchen/instance.rb:355:in `block in transition_to'
E, [2017-06-03T11:26:41.539075 #14246] ERROR -- Kitchen: /opt/chefdk/embedded/lib/ruby/gems/2.3.0/gems/test-kitchen-1.13.2/lib/kitchen/instance.rb:354:in `each'
E, [2017-06-03T11:26:41.539085 #14246] ERROR -- Kitchen: /opt/chefdk/embedded/lib/ruby/gems/2.3.0/gems/test-kitchen-1.13.2/lib/kitchen/instance.rb:354:in `transition_to'
E, [2017-06-03T11:26:41.539095 #14246] ERROR -- Kitchen: /opt/chefdk/embedded/lib/ruby/gems/2.3.0/gems/test-kitchen-1.13.2/lib/kitchen/instance.rb:138:in `converge'
E, [2017-06-03T11:26:41.539105 #14246] ERROR -- Kitchen: /opt/chefdk/embedded/lib/ruby/gems/2.3.0/gems/test-kitchen-1.13.2/lib/kitchen/command.rb:201:in `public_send'
E, [2017-06-03T11:26:41.539115 #14246] ERROR -- Kitchen: /opt/chefdk/embedded/lib/ruby/gems/2.3.0/gems/test-kitchen-1.13.2/lib/kitchen/command.rb:201:in `run_action_in_thread'
E, [2017-06-03T11:26:41.539139 #14246] ERROR -- Kitchen: /opt/chefdk/embedded/lib/ruby/gems/2.3.0/gems/test-kitchen-1.13.2/lib/kitchen/command.rb:173:in `block (2 levels) in run_action'
E, [2017-06-03T11:26:41.539151 #14246] ERROR -- Kitchen: ----End Backtrace-----
